2024-12-05T20:06:43.440456Z  INFO logger: Logger initialized
2024-12-05T20:06:43.442675Z  INFO arx: Starting ARX node
2024-12-05T20:06:43.460096Z  INFO arx::manager::arx_execution_manager: NODE KEYPAIR RECEIVED: "/usr/arx-node/node-keys/node_keypair.json"
2024-12-05T20:06:43.525624Z  INFO arx::manager::arx_execution_manager::circuit_retrieval_unit: Creating circuit retrieval unit.
2024-12-05T20:06:43.534762Z  INFO arx::manager::arx_execution_manager::circuit_retrieval_unit: Creating mock circuit retrieval unit.
2024-12-05T20:06:43.581697Z  INFO arx::manager::arx_execution_manager: Creating arx execution manager: is_mock: true
2024-12-05T20:06:43.608489Z  INFO arx::manager::arx_observation_manager::peer_unit: Creating peer unit.
2024-12-05T20:06:43.684649Z  INFO network::router::network_router: Router dropped.    
2024-12-05T20:06:44.097783Z  INFO logger: Logger initialized
2024-12-05T20:06:44.099907Z  INFO arx: Starting ARX node
2024-12-05T20:06:44.115154Z  INFO arx::manager::arx_execution_manager: NODE KEYPAIR RECEIVED: "/usr/arx-node/node-keys/node_keypair.json"
2024-12-05T20:06:44.164020Z  INFO arx::manager::arx_execution_manager::circuit_retrieval_unit: Creating circuit retrieval unit.
2024-12-05T20:06:44.170416Z  INFO arx::manager::arx_execution_manager::circuit_retrieval_unit: Creating mock circuit retrieval unit.
2024-12-05T20:06:44.218108Z  INFO arx::manager::arx_execution_manager: Creating arx execution manager: is_mock: true
2024-12-05T20:06:44.243376Z  INFO arx::manager::arx_observation_manager::peer_unit: Creating peer unit.
2024-12-05T20:06:44.822894Z  INFO arx::manager::arx_key_manager: Successfully activated arx node account. Signature: 2iayQRbFzg69s4VVmj25kWA1dHt8oQkSRWi4CnBBZjyFyeDHugD84mCxZPDaxytbPn924EHq9i3hEHi6cobAeHdD
2024-12-05T20:06:44.824810Z  INFO components::node: Starting node
2024-12-05T20:06:44.825422Z  INFO arx::manager::arx_execution_manager::circuit_retrieval_unit: Starting the circuit retrieval unit.
2024-12-05T20:06:44.826446Z  INFO arx::manager::arx_execution_manager::circuit_retrieval_unit: Starting the mock circuit retrieval unit.
2024-12-05T20:06:44.833515Z  INFO arx::manager::arx_execution_manager::preprocessing_unit: The preprocessing unit started.
2024-12-05T20:06:44.836774Z  INFO arx::manager::arx_execution_manager::online_phase_unit: The online phase unit started.
2024-12-05T20:06:44.839693Z  INFO arx::manager::arx_execution_manager::online_phase_unit: The mock online phase unit started.
2024-12-05T20:06:44.842437Z  INFO arx::manager::arx_execution_manager::mock_server_unit: The mock server unit started.
2024-12-05T20:06:44.846680Z  INFO arx::manager::arx_execution_manager: Arx execution manager started.
2024-12-05T20:06:44.846752Z  INFO arx::manager::arx_execution_manager::preprocessing_unit: The preprocessing unit stopped.
2024-12-05T20:06:44.854037Z  INFO arx::unit::computation_tx_unit: The comp tx unit started.
2024-12-05T20:06:44.858900Z  INFO arx::manager::arx_key_manager: Arx key manager started.
2024-12-05T20:06:44.861913Z  INFO arx::manager::arx_observation_manager::cluster_unit: The cluster observation unit started.
2024-12-05T20:06:44.864891Z  INFO arx::manager::arx_observation_manager::mxe_unit: The mxe observation unit started.
2024-12-05T20:06:44.867783Z  INFO arx::manager::arx_observation_manager::peer_unit: The peer unit started.
2024-12-05T20:06:44.874248Z  INFO arx::manager::arx_observation_manager::comp_def_unit: The comp def observation unit started.
2024-12-05T20:06:44.877791Z  INFO arx::manager::arx_observation_manager::mempool_unit: The mempool observation unit started.
2024-12-05T20:06:44.883309Z  INFO arx::manager::arx_observation_manager::executing_pool_unit: The executing pool observation unit started.
2024-12-05T20:06:44.883438Z  INFO components::unit::map_persistence_unit: The map persistence unit started.
2024-12-05T20:06:44.888725Z  INFO arx::manager::arx_observation_manager: Arx observation manager started.
2024-12-05T20:06:44.890594Z  INFO components::unit::map_persistence_unit: The map persistence unit started.
2024-12-05T20:06:44.899604Z  INFO arx::unit::computation_persistence_unit: The computation persistence unit started.
2024-12-05T20:06:44.921418Z  INFO arx::manager::arx_persistence_manager: Arx persistence manager started.
2024-12-05T20:06:44.927521Z  INFO arx::unit::resources_unit: The resources unit started
2024-12-05T20:06:44.935178Z  INFO arx::manager::arx_state_manager: Arx state manager running.
2024-12-05T20:06:45.168987Z  INFO arx::manager::arx_observation_manager::mempool_unit: Subscribed to mempool account J2ymBp3RWjAHR34oyjeqviSkAxet1TUDRWxsAs5VkDpX
2024-12-05T20:06:45.169097Z  INFO arx::manager::arx_observation_manager::mxe_unit: Subscribed to cluster account EP5C8AfUNTdP1m41gik4oZzFGRud8ES3e3o2CHmqYtqs
2024-12-05T20:06:45.168994Z  INFO arx::manager::arx_observation_manager::executing_pool_unit: Subscribed to executing pool account GdWJpVcGtvhvKr8XrbAMeiCNjMC8gbsySLd5mnpgbJw7
2024-12-05T20:06:45.178111Z  INFO arx::manager::arx_observation_manager::mxe_unit: Setting initial mxe accs: ["6efqLVrBAanYujaKqp7b93VWk7YsRhLAo8ERihjuG6EY"]
2024-12-05T20:06:52.537149Z  INFO arx::manager::arx_observation_manager: Processing mempool update MempoolUnitOutMessage { cluster: EP5C8AfUNTdP1m41gik4oZzFGRud8ES3e3o2CHmqYtqs, new_queued_computations: {ComputationWrapper(Computation { cluster_index: None, computation_definition_offset: 1950623659, execution_fee: ExecutionFee { base_fee: 0, priority_fee: 0, input_delivery_fee: 0, output_delivery_fee: 0 }, mempool_id: 0, arguments: Arguments { input_data: OffChainReference { source: "http://127.0.0.1:8080", hash: [109, 118, 44, 179, 129, 247, 242, 176, 196, 69, 129, 176, 105, 143, 226, 96, 245, 208, 233, 182, 165, 36, 245, 23, 199, 19, 222, 177, 158, 146, 204, 184], len_scalars: 1 }, data_object_offsets: [420], callback_acc_dyn_offsets: [] } })}, new_removed_computations: {} }
2024-12-05T20:06:53.033511Z  INFO arx::manager::arx_state_manager: Send init tx for computation: ArxComputation { protocol_id: 309851562619418497284741232631938225387, computation_definition_offset: Offset(1950623659), mempool_id: 0, arguments: ArgumentsWrapper(Arguments { input_data: OffChainReference { source: "http://127.0.0.1:8080", hash: [109, 118, 44, 179, 129, 247, 242, 176, 196, 69, 129, 176, 105, 143, 226, 96, 245, 208, 233, 182, 165, 36, 245, 23, 199, 19, 222, 177, 158, 146, 204, 184], len_scalars: 1 }, data_object_offsets: [420], callback_acc_dyn_offsets: [] }), cluster_acc: EP5C8AfUNTdP1m41gik4oZzFGRud8ES3e3o2CHmqYtqs }
2024-12-05T20:06:53.039677Z  INFO arx::manager::arx_key_manager: Processing Init Computation message
2024-12-05T20:06:53.045914Z  INFO arx::unit::computation_tx_unit: Received a message inside comp tx unit.
2024-12-05T20:06:53.048708Z  INFO arx::unit::computation_tx_unit: Init computation
2024-12-05T20:06:53.440708Z  INFO arx::manager::arx_observation_manager: Processing mempool update MempoolUnitOutMessage { cluster: EP5C8AfUNTdP1m41gik4oZzFGRud8ES3e3o2CHmqYtqs, new_queued_computations: {}, new_removed_computations: {ComputationWrapper(Computation { cluster_index: None, computation_definition_offset: 1950623659, execution_fee: ExecutionFee { base_fee: 0, priority_fee: 0, input_delivery_fee: 0, output_delivery_fee: 0 }, mempool_id: 0, arguments: Arguments { input_data: OffChainReference { source: "http://127.0.0.1:8080", hash: [109, 118, 44, 179, 129, 247, 242, 176, 196, 69, 129, 176, 105, 143, 226, 96, 245, 208, 233, 182, 165, 36, 245, 23, 199, 19, 222, 177, 158, 146, 204, 184], len_scalars: 1 }, data_object_offsets: [420], callback_acc_dyn_offsets: [] } })} }
2024-12-05T20:06:53.442932Z  INFO arx::manager::arx_observation_manager: Processing executing pool update ExecutingPoolUnitOutMessage { cluster: EP5C8AfUNTdP1m41gik4oZzFGRud8ES3e3o2CHmqYtqs, new_active_computations: {ComputationWrapper(Computation { cluster_index: None, computation_definition_offset: 1950623659, execution_fee: ExecutionFee { base_fee: 0, priority_fee: 0, input_delivery_fee: 0, output_delivery_fee: 0 }, mempool_id: 0, arguments: Arguments { input_data: OffChainReference { source: "http://127.0.0.1:8080", hash: [109, 118, 44, 179, 129, 247, 242, 176, 196, 69, 129, 176, 105, 143, 226, 96, 245, 208, 233, 182, 165, 36, 245, 23, 199, 19, 222, 177, 158, 146, 204, 184], len_scalars: 1 }, data_object_offsets: [420], callback_acc_dyn_offsets: [] } })}, new_completed_computations: {} }
2024-12-05T20:06:53.571599Z  INFO arx::unit::computation_tx_unit: Sent init computation tx for mxe 6efqLVrBAanYujaKqp7b93VWk7YsRhLAo8ERihjuG6EY with sig 5RGKiFHhGPR3qEn1CRQrQBMVKBnvmC2V3oRtZWs1SLKxaWvHfgaVjefWX2iyB7nn2eg8mbjjfERVhVPyWQ1XnNz2
2024-12-05T20:06:53.575602Z  INFO arx::manager::arx_key_manager: Sent Init computation to unit & success with signature 5RGKiFHhGPR3qEn1CRQrQBMVKBnvmC2V3oRtZWs1SLKxaWvHfgaVjefWX2iyB7nn2eg8mbjjfERVhVPyWQ1XnNz2!
2024-12-05T20:06:53.579814Z  INFO arx::manager::arx_state_manager: Fetch data for computation: ArxComputation { protocol_id: 309851562619418497284741232631938225387, computation_definition_offset: Offset(1950623659), mempool_id: 0, arguments: ArgumentsWrapper(Arguments { input_data: OffChainReference { source: "http://127.0.0.1:8080", hash: [109, 118, 44, 179, 129, 247, 242, 176, 196, 69, 129, 176, 105, 143, 226, 96, 245, 208, 233, 182, 165, 36, 245, 23, 199, 19, 222, 177, 158, 146, 204, 184], len_scalars: 1 }, data_object_offsets: [420], callback_acc_dyn_offsets: [] }), cluster_acc: EP5C8AfUNTdP1m41gik4oZzFGRud8ES3e3o2CHmqYtqs }
2024-12-05T20:06:53.587200Z  INFO arx::manager::arx_execution_manager: Fetching data objects from da server unit.
2024-12-05T20:06:53.590786Z  INFO arx::manager::arx_execution_manager::mock_server_unit: Received a message inside mock server unit.
2024-12-05T20:06:53.594709Z  INFO arx::manager::arx_execution_manager::mock_server_unit: payload: [("hash", "bXYss4H38rDERYGwaY/iYPXQ6balJPUXxxPesZ6SzLg="), ("public_key", "Xe3XqTuZZAMC+JjzERVkkbSllqybjLxuZGuFIK55lNw=")]
2024-12-05T20:06:53.594823Z  INFO arx::manager::arx_execution_manager::mock_server_unit: oref.source: "http://127.0.0.1:8080"
2024-12-05T20:06:53.650119Z  INFO arx::manager::arx_execution_manager: Wires: [Scalar(Scalar(Scalar(Uint(0x0000000000000000000000000000000000000000000000000000000000000001))))]
2024-12-05T20:06:53.655075Z  INFO arx::manager::arx_execution_manager::mock_server_unit: Received a message inside mock server unit.
2024-12-05T20:06:53.655170Z  INFO arx::manager::arx_execution_manager::mock_server_unit: payload: [("hash", "yMCu5hAU5NvNp06uVpiO9OJN5HShOFuEhRPeZdqLvZc="), ("public_key", "Xe3XqTuZZAMC+JjzERVkkbSllqybjLxuZGuFIK55lNw=")]
2024-12-05T20:06:53.655194Z  INFO arx::manager::arx_execution_manager::mock_server_unit: oref.source: "http://127.0.0.1:8080"
2024-12-05T20:06:53.660168Z  INFO arx::manager::arx_state_manager: Fetch circuit for computation: ArxComputation { protocol_id: 309851562619418497284741232631938225387, computation_definition_offset: Offset(1950623659), mempool_id: 0, arguments: ArgumentsWrapper(Arguments { input_data: OffChainReference { source: "http://127.0.0.1:8080", hash: [109, 118, 44, 179, 129, 247, 242, 176, 196, 69, 129, 176, 105, 143, 226, 96, 245, 208, 233, 182, 165, 36, 245, 23, 199, 19, 222, 177, 158, 146, 204, 184], len_scalars: 1 }, data_object_offsets: [420], callback_acc_dyn_offsets: [] }), cluster_acc: EP5C8AfUNTdP1m41gik4oZzFGRud8ES3e3o2CHmqYtqs }
2024-12-05T20:06:53.662882Z  INFO arx::manager::arx_execution_manager::circuit_retrieval_unit: Processing circuit retrieval unit message: CircuitRetrievalUnitMessage { computation_definition_offset: Offset(1950623659) }
2024-12-05T20:06:53.668999Z  INFO arx::manager::arx_state_manager: Start preprocessing for computation: ArxComputation { protocol_id: 309851562619418497284741232631938225387, computation_definition_offset: Offset(1950623659), mempool_id: 0, arguments: ArgumentsWrapper(Arguments { input_data: OffChainReference { source: "http://127.0.0.1:8080", hash: [109, 118, 44, 179, 129, 247, 242, 176, 196, 69, 129, 176, 105, 143, 226, 96, 245, 208, 233, 182, 165, 36, 245, 23, 199, 19, 222, 177, 158, 146, 204, 184], len_scalars: 1 }, data_object_offsets: [420], callback_acc_dyn_offsets: [] }), cluster_acc: EP5C8AfUNTdP1m41gik4oZzFGRud8ES3e3o2CHmqYtqs }
2024-12-05T20:06:53.669675Z  INFO arx::manager::arx_state_manager: Start online phase for computation: ArxComputation { protocol_id: 309851562619418497284741232631938225387, computation_definition_offset: Offset(1950623659), mempool_id: 0, arguments: ArgumentsWrapper(Arguments { input_data: OffChainReference { source: "http://127.0.0.1:8080", hash: [109, 118, 44, 179, 129, 247, 242, 176, 196, 69, 129, 176, 105, 143, 226, 96, 245, 208, 233, 182, 165, 36, 245, 23, 199, 19, 222, 177, 158, 146, 204, 184], len_scalars: 1 }, data_object_offsets: [420], callback_acc_dyn_offsets: [] }), cluster_acc: EP5C8AfUNTdP1m41gik4oZzFGRud8ES3e3o2CHmqYtqs }
2024-12-05T20:06:53.670237Z  INFO arx::manager::arx_execution_manager: Computation data: ExecutionData { data_objects_data: Some([Scalar(Scalar(Scalar(Uint(0x0000000000000000000000000000000000000000000000000000000000000001)))), Scalar(Scalar(Scalar(Uint(0x0000000000000000000000000000000000000000000000000000000000000000)))), Scalar(Scalar(Scalar(Uint(0x0000000000000000000000000000000000000000000000000000000000000000))))]), comp_def_info: Some(([7, 0, 0, 0, 0, 0, 0, 0, 0, 0, 0, 0, 0, 0, 0, 0, 2, 0, 0, 0, 1, 0, 0, 0, 0, 0, 0, 0, 2, 0, 0, 0, 2, 0, 0, 0, 0, 0, 0, 0, 11, 0, 0, 0, 1, 0, 0, 0, 0, 0, 0, 0, 208, 62, 93, 207, 165, 49, 38, 129, 101, 205, 121, 47, 234, 157, 239, 77, 1, 0, 0, 0, 0, 0, 0, 0, 0, 0, 0, 0, 0, 0, 0, 0, 3, 0, 0, 0, 0, 0, 0, 0, 5, 0, 0, 0, 2, 0, 0, 0, 0, 0, 0, 0, 0, 0, 0, 0, 0, 0, 0, 0, 4, 0, 0, 0, 0, 0, 0, 0, 6, 0, 0, 0, 3, 0, 0, 0, 0, 0, 0, 0, 29, 149, 152, 141, 116, 49, 236, 214, 112, 207, 125, 115, 244, 91, 239, 198, 254, 255, 255, 255, 255, 255, 255, 255, 255, 255, 255, 255, 255, 255, 255, 15, 5, 0, 0, 0, 0, 0, 0, 0, 2, 0, 0, 0, 6, 0, 0, 0, 0, 0, 0, 0, 5, 0, 0, 0, 1, 0, 0, 0, 0, 0, 0, 0, 5, 0, 0, 0, 0, 0, 0, 0, 3, 0, 0, 0, 0, 0, 0, 0, 1, 0, 0, 0, 0, 0, 0, 0, 5, 0, 0, 0, 0, 0, 0, 0, 0, 0, 0, 0, 0, 0, 0, 0, 2, 0, 0, 0, 0, 0, 0, 0, 6, 0, 0, 0, 0, 0, 0, 0, 4, 0, 0, 0, 0, 0, 0, 0], [0])), preprocesed_data: Some(()), result: None }
2024-12-05T20:06:53.670515Z  INFO arx::manager::arx_execution_manager: retrieving cluster data for cluster acc: EP5C8AfUNTdP1m41gik4oZzFGRud8ES3e3o2CHmqYtqs
2024-12-05T20:06:53.671467Z  INFO arx::manager::arx_execution_manager: Cluster data: ClusterData { peer_number: 0, peer_number_peer_id_map: {} }
2024-12-05T20:06:53.673364Z  INFO arx::manager::arx_execution_manager::online_phase_unit: Deserializing circuit data
2024-12-05T20:06:53.677217Z  INFO arx::manager::arx_execution_manager::online_phase_unit: Executing the circuit MockCircuit { ops: {0: ScalarShareInput, 1: ScalarShareInput, 2: ScalarMulConstant { x: 1, c: ScalarField(0x1000000000000000000000000000000014def9dea2f79cd65812631a5cf5d3ec) }, 3: ScalarAdd { x: 2, y: 0 }, 4: ScalarAddConstant { x: 3, c: ScalarField(0x0000000000000000000000000000000000000000000000000000000000000001) }, 5: ScalarShareInput, 6: ScalarAdd { x: 1, y: 5 }}, input_gates: [1, 5, 0], output_gates: [6, 4] } with input [[1, 0, 0, 0, 0, 0, 0, 0, 0, 0, 0, 0, 0, 0, 0, 0, 0, 0, 0, 0, 0, 0, 0, 0, 0, 0, 0, 0, 0, 0, 0, 0], [0, 0, 0, 0, 0, 0, 0, 0, 0, 0, 0, 0, 0, 0, 0, 0, 0, 0, 0, 0, 0, 0, 0, 0, 0, 0, 0, 0, 0, 0, 0, 0], [0, 0, 0, 0, 0, 0, 0, 0, 0, 0, 0, 0, 0, 0, 0, 0, 0, 0, 0, 0, 0, 0, 0, 0, 0, 0, 0, 0, 0, 0, 0, 0]]
2024-12-05T20:06:53.680534Z  INFO arx::manager::arx_execution_manager::online_phase_unit: Results: [[1, 0, 0, 0, 0, 0, 0, 0, 0, 0, 0, 0, 0, 0, 0, 0, 0, 0, 0, 0, 0, 0, 0, 0, 0, 0, 0, 0, 0, 0, 0, 0], [0, 0, 0, 0, 0, 0, 0, 0, 0, 0, 0, 0, 0, 0, 0, 0, 0, 0, 0, 0, 0, 0, 0, 0, 0, 0, 0, 0, 0, 0, 0, 0]]
2024-12-05T20:06:53.682247Z  INFO arx::manager::arx_execution_manager: Mock execution completed with result: [Scalar(Scalar(Scalar(Uint(0x0100000000000000000000000000000000000000000000000000000000000000)))), Scalar(Scalar(Scalar(Uint(0x0000000000000000000000000000000000000000000000000000000000000000))))]
2024-12-05T20:06:53.682432Z  INFO arx::manager::arx_execution_manager: Online phase completed. Results [Scalar(Scalar(Scalar(Uint(0x0100000000000000000000000000000000000000000000000000000000000000)))), Scalar(Scalar(Scalar(Uint(0x0000000000000000000000000000000000000000000000000000000000000000))))]
2024-12-05T20:06:53.682622Z  INFO arx::manager::arx_state_manager: Start post-online phase for computation: ArxComputation { protocol_id: 309851562619418497284741232631938225387, computation_definition_offset: Offset(1950623659), mempool_id: 0, arguments: ArgumentsWrapper(Arguments { input_data: OffChainReference { source: "http://127.0.0.1:8080", hash: [109, 118, 44, 179, 129, 247, 242, 176, 196, 69, 129, 176, 105, 143, 226, 96, 245, 208, 233, 182, 165, 36, 245, 23, 199, 19, 222, 177, 158, 146, 204, 184], len_scalars: 1 }, data_object_offsets: [420], callback_acc_dyn_offsets: [] }), cluster_acc: EP5C8AfUNTdP1m41gik4oZzFGRud8ES3e3o2CHmqYtqs }
2024-12-05T20:06:53.686452Z  INFO arx::manager::arx_execution_manager::mock_server_unit: Received a message inside mock server unit.
2024-12-05T20:06:53.686639Z  INFO arx::manager::arx_execution_manager::mock_server_unit: POST: make request to post secret shares
2024-12-05T20:06:53.695745Z  INFO arx::manager::arx_execution_manager::mock_server_unit: Received a message inside mock server unit.
2024-12-05T20:06:53.695974Z  INFO arx::manager::arx_execution_manager::mock_server_unit: POST: make request to check if all participants are done participating
2024-12-05T20:06:53.701713Z  INFO arx::manager::arx_state_manager: Send finalize tx for computation: ArxComputation { protocol_id: 309851562619418497284741232631938225387, computation_definition_offset: Offset(1950623659), mempool_id: 0, arguments: ArgumentsWrapper(Arguments { input_data: OffChainReference { source: "http://127.0.0.1:8080", hash: [109, 118, 44, 179, 129, 247, 242, 176, 196, 69, 129, 176, 105, 143, 226, 96, 245, 208, 233, 182, 165, 36, 245, 23, 199, 19, 222, 177, 158, 146, 204, 184], len_scalars: 1 }, data_object_offsets: [420], callback_acc_dyn_offsets: [] }), cluster_acc: EP5C8AfUNTdP1m41gik4oZzFGRud8ES3e3o2CHmqYtqs }
2024-12-05T20:06:53.702361Z  INFO arx::unit::computation_tx_unit: Received a message inside comp tx unit.
2024-12-05T20:06:53.702756Z  INFO arx::unit::computation_tx_unit: Finalize computation
2024-12-05T20:06:53.914338Z  INFO arx::manager::arx_observation_manager: Processing executing pool update ExecutingPoolUnitOutMessage { cluster: EP5C8AfUNTdP1m41gik4oZzFGRud8ES3e3o2CHmqYtqs, new_active_computations: {}, new_completed_computations: {ComputationWrapper(Computation { cluster_index: None, computation_definition_offset: 1950623659, execution_fee: ExecutionFee { base_fee: 0, priority_fee: 0, input_delivery_fee: 0, output_delivery_fee: 0 }, mempool_id: 0, arguments: Arguments { input_data: OffChainReference { source: "http://127.0.0.1:8080", hash: [109, 118, 44, 179, 129, 247, 242, 176, 196, 69, 129, 176, 105, 143, 226, 96, 245, 208, 233, 182, 165, 36, 245, 23, 199, 19, 222, 177, 158, 146, 204, 184], len_scalars: 1 }, data_object_offsets: [420], callback_acc_dyn_offsets: [] } })} }
2024-12-05T20:06:54.220131Z  INFO arx::unit::computation_tx_unit: Sent finalize computation tx for mxe 6efqLVrBAanYujaKqp7b93VWk7YsRhLAo8ERihjuG6EY with sig 5VbaZGFxpAtf9uk61tgzyqwHpHpCkL3oGnkkhjycWYxNHFEbxxPSUyuvGvZJa5M4tDwFQJQvzbdSR64wg2RQoPGg
2024-12-05T20:06:54.221607Z  INFO arx::manager::arx_key_manager: Successfully finalized computation with sig 5VbaZGFxpAtf9uk61tgzyqwHpHpCkL3oGnkkhjycWYxNHFEbxxPSUyuvGvZJa5M4tDwFQJQvzbdSR64wg2RQoPGg
